<?xml version="1.0" encoding="UTF-8"?>
<!-- Generated by org.testng.reporters.JUnitReportReporter -->
<testsuite hostname="DESKTOP-JGD40IA" failures="0" tests="1" name="base.base" time="149.149" errors="0" timestamp="2022-11-26T13:39:12 IST" skipped="0">
  <testcase classname="base.base" name="launchApp" time="149.149"/>
  <system-out/>
</testsuite> <!-- base.base -->
